Start testing: Jul 10 02:16 UTC
----------------------------------------------------------
1/23 Testing: PacketTest.PacketCreation
1/23 Test: PacketTest.PacketCreation
Command: "/workspace/build/tests/httpsniffer_tests" "--gtest_filter=PacketTest.PacketCreation" "--gtest_also_run_disabled_tests"
Directory: /workspace/build/tests
"PacketTest.PacketCreation" start time: Jul 10 02:16 UTC
Output:
----------------------------------------------------------
Note: Google Test filter = PacketTest.PacketCreation
[==========] Running 1 test from 1 test suite.
[----------] Global test environment set-up.
[----------] 1 test from PacketTest
[ RUN      ] PacketTest.PacketCreation
[       OK ] PacketTest.PacketCreation (0 ms)
[----------] 1 test from PacketTest (0 ms total)

[----------] Global test environment tear-down
[==========] 1 test from 1 test suite ran. (0 ms total)
[  PASSED  ] 1 test.
<end of output>
Test time =   0.00 sec
----------------------------------------------------------
Test Passed.
"PacketTest.PacketCreation" end time: Jul 10 02:16 UTC
"PacketTest.PacketCreation" time elapsed: 00:00:00
----------------------------------------------------------

2/23 Testing: PacketTest.PacketQueue
2/23 Test: PacketTest.PacketQueue
Command: "/workspace/build/tests/httpsniffer_tests" "--gtest_filter=PacketTest.PacketQueue" "--gtest_also_run_disabled_tests"
Directory: /workspace/build/tests
"PacketTest.PacketQueue" start time: Jul 10 02:16 UTC
Output:
----------------------------------------------------------
Note: Google Test filter = PacketTest.PacketQueue
[==========] Running 1 test from 1 test suite.
[----------] Global test environment set-up.
[----------] 1 test from PacketTest
[ RUN      ] PacketTest.PacketQueue
[       OK ] PacketTest.PacketQueue (0 ms)
[----------] 1 test from PacketTest (0 ms total)

[----------] Global test environment tear-down
[==========] 1 test from 1 test suite ran. (0 ms total)
[  PASSED  ] 1 test.
<end of output>
Test time =   0.00 sec
----------------------------------------------------------
Test Passed.
"PacketTest.PacketQueue" end time: Jul 10 02:16 UTC
"PacketTest.PacketQueue" time elapsed: 00:00:00
----------------------------------------------------------

3/23 Testing: PacketTest.EthernetHeaderParsing
3/23 Test: PacketTest.EthernetHeaderParsing
Command: "/workspace/build/tests/httpsniffer_tests" "--gtest_filter=PacketTest.EthernetHeaderParsing" "--gtest_also_run_disabled_tests"
Directory: /workspace/build/tests
"PacketTest.EthernetHeaderParsing" start time: Jul 10 02:16 UTC
Output:
----------------------------------------------------------
Note: Google Test filter = PacketTest.EthernetHeaderParsing
[==========] Running 1 test from 1 test suite.
[----------] Global test environment set-up.
[----------] 1 test from PacketTest
[ RUN      ] PacketTest.EthernetHeaderParsing
[       OK ] PacketTest.EthernetHeaderParsing (0 ms)
[----------] 1 test from PacketTest (0 ms total)

[----------] Global test environment tear-down
[==========] 1 test from 1 test suite ran. (0 ms total)
[  PASSED  ] 1 test.
<end of output>
Test time =   0.00 sec
----------------------------------------------------------
Test Passed.
"PacketTest.EthernetHeaderParsing" end time: Jul 10 02:16 UTC
"PacketTest.EthernetHeaderParsing" time elapsed: 00:00:00
----------------------------------------------------------

4/23 Testing: PacketTest.IPHeaderParsing
4/23 Test: PacketTest.IPHeaderParsing
Command: "/workspace/build/tests/httpsniffer_tests" "--gtest_filter=PacketTest.IPHeaderParsing" "--gtest_also_run_disabled_tests"
Directory: /workspace/build/tests
"PacketTest.IPHeaderParsing" start time: Jul 10 02:16 UTC
Output:
----------------------------------------------------------
Note: Google Test filter = PacketTest.IPHeaderParsing
[==========] Running 1 test from 1 test suite.
[----------] Global test environment set-up.
[----------] 1 test from PacketTest
[ RUN      ] PacketTest.IPHeaderParsing
[       OK ] PacketTest.IPHeaderParsing (0 ms)
[----------] 1 test from PacketTest (0 ms total)

[----------] Global test environment tear-down
[==========] 1 test from 1 test suite ran. (0 ms total)
[  PASSED  ] 1 test.
<end of output>
Test time =   0.00 sec
----------------------------------------------------------
Test Passed.
"PacketTest.IPHeaderParsing" end time: Jul 10 02:16 UTC
"PacketTest.IPHeaderParsing" time elapsed: 00:00:00
----------------------------------------------------------

5/23 Testing: PacketTest.TCPHeaderParsing
5/23 Test: PacketTest.TCPHeaderParsing
Command: "/workspace/build/tests/httpsniffer_tests" "--gtest_filter=PacketTest.TCPHeaderParsing" "--gtest_also_run_disabled_tests"
Directory: /workspace/build/tests
"PacketTest.TCPHeaderParsing" start time: Jul 10 02:16 UTC
Output:
----------------------------------------------------------
Note: Google Test filter = PacketTest.TCPHeaderParsing
[==========] Running 1 test from 1 test suite.
[----------] Global test environment set-up.
[----------] 1 test from PacketTest
[ RUN      ] PacketTest.TCPHeaderParsing
/workspace/tests/test_packet.cpp:131: Failure
Expected equality of these values:
  ntohs(tcp->th_sport)
    Which is: 36895
  8080

/workspace/tests/test_packet.cpp:132: Failure
Expected equality of these values:
  ntohs(tcp->th_dport)
    Which is: 20480
  80

[  FAILED  ] PacketTest.TCPHeaderParsing (0 ms)
[----------] 1 test from PacketTest (0 ms total)

[----------] Global test environment tear-down
[==========] 1 test from 1 test suite ran. (0 ms total)
[  PASSED  ] 0 tests.
[  FAILED  ] 1 test, listed below:
[  FAILED  ] PacketTest.TCPHeaderParsing

 1 FAILED TEST
<end of output>
Test time =   0.00 sec
----------------------------------------------------------
Test Failed.
"PacketTest.TCPHeaderParsing" end time: Jul 10 02:16 UTC
"PacketTest.TCPHeaderParsing" time elapsed: 00:00:00
----------------------------------------------------------

6/23 Testing: FlowTest.FlowCreation
6/23 Test: FlowTest.FlowCreation
Command: "/workspace/build/tests/httpsniffer_tests" "--gtest_filter=FlowTest.FlowCreation" "--gtest_also_run_disabled_tests"
Directory: /workspace/build/tests
"FlowTest.FlowCreation" start time: Jul 10 02:16 UTC
Output:
----------------------------------------------------------
Note: Google Test filter = FlowTest.FlowCreation
[==========] Running 1 test from 1 test suite.
[----------] Global test environment set-up.
[----------] 1 test from FlowTest
[ RUN      ] FlowTest.FlowCreation
[       OK ] FlowTest.FlowCreation (0 ms)
[----------] 1 test from FlowTest (0 ms total)

[----------] Global test environment tear-down
[==========] 1 test from 1 test suite ran. (0 ms total)
[  PASSED  ] 1 test.
<end of output>
Test time =   0.00 sec
----------------------------------------------------------
Test Passed.
"FlowTest.FlowCreation" end time: Jul 10 02:16 UTC
"FlowTest.FlowCreation" time elapsed: 00:00:00
----------------------------------------------------------

7/23 Testing: FlowTest.FlowSocketComparison
7/23 Test: FlowTest.FlowSocketComparison
Command: "/workspace/build/tests/httpsniffer_tests" "--gtest_filter=FlowTest.FlowSocketComparison" "--gtest_also_run_disabled_tests"
Directory: /workspace/build/tests
"FlowTest.FlowSocketComparison" start time: Jul 10 02:16 UTC
Output:
----------------------------------------------------------
Note: Google Test filter = FlowTest.FlowSocketComparison
[==========] Running 1 test from 1 test suite.
[----------] Global test environment set-up.
[----------] 1 test from FlowTest
[ RUN      ] FlowTest.FlowSocketComparison
[       OK ] FlowTest.FlowSocketComparison (0 ms)
[----------] 1 test from FlowTest (0 ms total)

[----------] Global test environment tear-down
[==========] 1 test from 1 test suite ran. (0 ms total)
[  PASSED  ] 1 test.
<end of output>
Test time =   0.00 sec
----------------------------------------------------------
Test Passed.
"FlowTest.FlowSocketComparison" end time: Jul 10 02:16 UTC
"FlowTest.FlowSocketComparison" time elapsed: 00:00:00
----------------------------------------------------------

8/23 Testing: FlowTest.FlowPacketAddition
8/23 Test: FlowTest.FlowPacketAddition
Command: "/workspace/build/tests/httpsniffer_tests" "--gtest_filter=FlowTest.FlowPacketAddition" "--gtest_also_run_disabled_tests"
Directory: /workspace/build/tests
"FlowTest.FlowPacketAddition" start time: Jul 10 02:16 UTC
Output:
----------------------------------------------------------
Note: Google Test filter = FlowTest.FlowPacketAddition
[==========] Running 1 test from 1 test suite.
[----------] Global test environment set-up.
[----------] 1 test from FlowTest
[ RUN      ] FlowTest.FlowPacketAddition
<end of output>
Test time =   0.01 sec
----------------------------------------------------------
Test Failed.
"FlowTest.FlowPacketAddition" end time: Jul 10 02:16 UTC
"FlowTest.FlowPacketAddition" time elapsed: 00:00:00
----------------------------------------------------------

9/23 Testing: FlowTest.FlowHashOperations
9/23 Test: FlowTest.FlowHashOperations
Command: "/workspace/build/tests/httpsniffer_tests" "--gtest_filter=FlowTest.FlowHashOperations" "--gtest_also_run_disabled_tests"
Directory: /workspace/build/tests
"FlowTest.FlowHashOperations" start time: Jul 10 02:16 UTC
Output:
----------------------------------------------------------
Note: Google Test filter = FlowTest.FlowHashOperations
[==========] Running 1 test from 1 test suite.
[----------] Global test environment set-up.
[----------] 1 test from FlowTest
[ RUN      ] FlowTest.FlowHashOperations
/workspace/tests/test_flow.cpp:101: Failure
Expected equality of these values:
  flow_hash_size()
    Which is: 10007
  0

[  FAILED  ] FlowTest.FlowHashOperations (0 ms)
[----------] 1 test from FlowTest (0 ms total)

[----------] Global test environment tear-down
[==========] 1 test from 1 test suite ran. (0 ms total)
[  PASSED  ] 0 tests.
[  FAILED  ] 1 test, listed below:
[  FAILED  ] FlowTest.FlowHashOperations

 1 FAILED TEST
<end of output>
Test time =   0.00 sec
----------------------------------------------------------
Test Failed.
"FlowTest.FlowHashOperations" end time: Jul 10 02:16 UTC
"FlowTest.FlowHashOperations" time elapsed: 00:00:00
----------------------------------------------------------

10/23 Testing: FlowTest.FlowQueue
10/23 Test: FlowTest.FlowQueue
Command: "/workspace/build/tests/httpsniffer_tests" "--gtest_filter=FlowTest.FlowQueue" "--gtest_also_run_disabled_tests"
Directory: /workspace/build/tests
"FlowTest.FlowQueue" start time: Jul 10 02:16 UTC
Output:
----------------------------------------------------------
Note: Google Test filter = FlowTest.FlowQueue
[==========] Running 1 test from 1 test suite.
[----------] Global test environment set-up.
[----------] 1 test from FlowTest
[ RUN      ] FlowTest.FlowQueue
[       OK ] FlowTest.FlowQueue (0 ms)
[----------] 1 test from FlowTest (0 ms total)

[----------] Global test environment tear-down
[==========] 1 test from 1 test suite ran. (0 ms total)
[  PASSED  ] 1 test.
<end of output>
Test time =   0.00 sec
----------------------------------------------------------
Test Passed.
"FlowTest.FlowQueue" end time: Jul 10 02:16 UTC
"FlowTest.FlowQueue" time elapsed: 00:00:00
----------------------------------------------------------

11/23 Testing: UtilTest.MemoryAllocation
11/23 Test: UtilTest.MemoryAllocation
Command: "/workspace/build/tests/httpsniffer_tests" "--gtest_filter=UtilTest.MemoryAllocation" "--gtest_also_run_disabled_tests"
Directory: /workspace/build/tests
"UtilTest.MemoryAllocation" start time: Jul 10 02:16 UTC
Output:
----------------------------------------------------------
Note: Google Test filter = UtilTest.MemoryAllocation
[==========] Running 1 test from 1 test suite.
[----------] Global test environment set-up.
[----------] 1 test from UtilTest
[ RUN      ] UtilTest.MemoryAllocation
[       OK ] UtilTest.MemoryAllocation (0 ms)
[----------] 1 test from UtilTest (0 ms total)

[----------] Global test environment tear-down
[==========] 1 test from 1 test suite ran. (0 ms total)
[  PASSED  ] 1 test.
<end of output>
Test time =   0.00 sec
----------------------------------------------------------
Test Passed.
"UtilTest.MemoryAllocation" end time: Jul 10 02:16 UTC
"UtilTest.MemoryAllocation" time elapsed: 00:00:00
----------------------------------------------------------

12/23 Testing: UtilTest.IPAddressConversion
12/23 Test: UtilTest.IPAddressConversion
Command: "/workspace/build/tests/httpsniffer_tests" "--gtest_filter=UtilTest.IPAddressConversion" "--gtest_also_run_disabled_tests"
Directory: /workspace/build/tests
"UtilTest.IPAddressConversion" start time: Jul 10 02:16 UTC
Output:
----------------------------------------------------------
Note: Google Test filter = UtilTest.IPAddressConversion
[==========] Running 1 test from 1 test suite.
[----------] Global test environment set-up.
[----------] 1 test from UtilTest
[ RUN      ] UtilTest.IPAddressConversion
/workspace/tests/test_util.cpp:44: Failure
Expected equality of these values:
  ip_str
    Which is: "1.1.168.192"
  "192.168.1.1"

free(): invalid pointer
<end of output>
Test time =   0.01 sec
----------------------------------------------------------
Test Failed.
"UtilTest.IPAddressConversion" end time: Jul 10 02:16 UTC
"UtilTest.IPAddressConversion" time elapsed: 00:00:00
----------------------------------------------------------

13/23 Testing: UtilTest.IPStringToNetwork
13/23 Test: UtilTest.IPStringToNetwork
Command: "/workspace/build/tests/httpsniffer_tests" "--gtest_filter=UtilTest.IPStringToNetwork" "--gtest_also_run_disabled_tests"
Directory: /workspace/build/tests
"UtilTest.IPStringToNetwork" start time: Jul 10 02:16 UTC
Output:
----------------------------------------------------------
Note: Google Test filter = UtilTest.IPStringToNetwork
[==========] Running 1 test from 1 test suite.
[----------] Global test environment set-up.
[----------] 1 test from UtilTest
[ RUN      ] UtilTest.IPStringToNetwork
free(): invalid pointer
<end of output>
Test time =   0.00 sec
----------------------------------------------------------
Test Failed.
"UtilTest.IPStringToNetwork" end time: Jul 10 02:16 UTC
"UtilTest.IPStringToNetwork" time elapsed: 00:00:00
----------------------------------------------------------

14/23 Testing: UtilTest.BooleanMacros
14/23 Test: UtilTest.BooleanMacros
Command: "/workspace/build/tests/httpsniffer_tests" "--gtest_filter=UtilTest.BooleanMacros" "--gtest_also_run_disabled_tests"
Directory: /workspace/build/tests
"UtilTest.BooleanMacros" start time: Jul 10 02:16 UTC
Output:
----------------------------------------------------------
Note: Google Test filter = UtilTest.BooleanMacros
[==========] Running 1 test from 1 test suite.
[----------] Global test environment set-up.
[----------] 1 test from UtilTest
[ RUN      ] UtilTest.BooleanMacros
[       OK ] UtilTest.BooleanMacros (0 ms)
[----------] 1 test from UtilTest (0 ms total)

[----------] Global test environment tear-down
[==========] 1 test from 1 test suite ran. (0 ms total)
[  PASSED  ] 1 test.
<end of output>
Test time =   0.00 sec
----------------------------------------------------------
Test Passed.
"UtilTest.BooleanMacros" end time: Jul 10 02:16 UTC
"UtilTest.BooleanMacros" time elapsed: 00:00:00
----------------------------------------------------------

15/23 Testing: UtilTest.LargeMemoryAllocation
15/23 Test: UtilTest.LargeMemoryAllocation
Command: "/workspace/build/tests/httpsniffer_tests" "--gtest_filter=UtilTest.LargeMemoryAllocation" "--gtest_also_run_disabled_tests"
Directory: /workspace/build/tests
"UtilTest.LargeMemoryAllocation" start time: Jul 10 02:16 UTC
Output:
----------------------------------------------------------
Note: Google Test filter = UtilTest.LargeMemoryAllocation
[==========] Running 1 test from 1 test suite.
[----------] Global test environment set-up.
[----------] 1 test from UtilTest
[ RUN      ] UtilTest.LargeMemoryAllocation
[       OK ] UtilTest.LargeMemoryAllocation (0 ms)
[----------] 1 test from UtilTest (0 ms total)

[----------] Global test environment tear-down
[==========] 1 test from 1 test suite ran. (0 ms total)
[  PASSED  ] 1 test.
<end of output>
Test time =   0.00 sec
----------------------------------------------------------
Test Passed.
"UtilTest.LargeMemoryAllocation" end time: Jul 10 02:16 UTC
"UtilTest.LargeMemoryAllocation" time elapsed: 00:00:00
----------------------------------------------------------

16/23 Testing: HttpTest.HttpPacketDetection
16/23 Test: HttpTest.HttpPacketDetection
Command: "/workspace/build/tests/httpsniffer_tests" "--gtest_filter=HttpTest.HttpPacketDetection" "--gtest_also_run_disabled_tests"
Directory: /workspace/build/tests
"HttpTest.HttpPacketDetection" start time: Jul 10 02:16 UTC
Output:
----------------------------------------------------------
Note: Google Test filter = HttpTest.HttpPacketDetection
[==========] Running 1 test from 1 test suite.
[----------] Global test environment set-up.
[----------] 1 test from HttpTest
[ RUN      ] HttpTest.HttpPacketDetection
[       OK ] HttpTest.HttpPacketDetection (0 ms)
[----------] 1 test from HttpTest (0 ms total)

[----------] Global test environment tear-down
[==========] 1 test from 1 test suite ran. (0 ms total)
[  PASSED  ] 1 test.
<end of output>
Test time =   0.00 sec
----------------------------------------------------------
Test Passed.
"HttpTest.HttpPacketDetection" end time: Jul 10 02:16 UTC
"HttpTest.HttpPacketDetection" time elapsed: 00:00:00
----------------------------------------------------------

17/23 Testing: HttpTest.HttpRequestDetection
17/23 Test: HttpTest.HttpRequestDetection
Command: "/workspace/build/tests/httpsniffer_tests" "--gtest_filter=HttpTest.HttpRequestDetection" "--gtest_also_run_disabled_tests"
Directory: /workspace/build/tests
"HttpTest.HttpRequestDetection" start time: Jul 10 02:16 UTC
Output:
----------------------------------------------------------
Note: Google Test filter = HttpTest.HttpRequestDetection
[==========] Running 1 test from 1 test suite.
[----------] Global test environment set-up.
[----------] 1 test from HttpTest
[ RUN      ] HttpTest.HttpRequestDetection
[       OK ] HttpTest.HttpRequestDetection (0 ms)
[----------] 1 test from HttpTest (0 ms total)

[----------] Global test environment tear-down
[==========] 1 test from 1 test suite ran. (0 ms total)
[  PASSED  ] 1 test.
<end of output>
Test time =   0.00 sec
----------------------------------------------------------
Test Passed.
"HttpTest.HttpRequestDetection" end time: Jul 10 02:16 UTC
"HttpTest.HttpRequestDetection" time elapsed: 00:00:00
----------------------------------------------------------

18/23 Testing: HttpTest.HttpResponseDetection
18/23 Test: HttpTest.HttpResponseDetection
Command: "/workspace/build/tests/httpsniffer_tests" "--gtest_filter=HttpTest.HttpResponseDetection" "--gtest_also_run_disabled_tests"
Directory: /workspace/build/tests
"HttpTest.HttpResponseDetection" start time: Jul 10 02:16 UTC
Output:
----------------------------------------------------------
Note: Google Test filter = HttpTest.HttpResponseDetection
[==========] Running 1 test from 1 test suite.
[----------] Global test environment set-up.
[----------] 1 test from HttpTest
[ RUN      ] HttpTest.HttpResponseDetection
[       OK ] HttpTest.HttpResponseDetection (0 ms)
[----------] 1 test from HttpTest (0 ms total)

[----------] Global test environment tear-down
[==========] 1 test from 1 test suite ran. (0 ms total)
[  PASSED  ] 1 test.
<end of output>
Test time =   0.00 sec
----------------------------------------------------------
Test Passed.
"HttpTest.HttpResponseDetection" end time: Jul 10 02:16 UTC
"HttpTest.HttpResponseDetection" time elapsed: 00:00:00
----------------------------------------------------------

19/23 Testing: HttpTest.HttpPairCreation
19/23 Test: HttpTest.HttpPairCreation
Command: "/workspace/build/tests/httpsniffer_tests" "--gtest_filter=HttpTest.HttpPairCreation" "--gtest_also_run_disabled_tests"
Directory: /workspace/build/tests
"HttpTest.HttpPairCreation" start time: Jul 10 02:16 UTC
Output:
----------------------------------------------------------
Note: Google Test filter = HttpTest.HttpPairCreation
[==========] Running 1 test from 1 test suite.
[----------] Global test environment set-up.
[----------] 1 test from HttpTest
[ RUN      ] HttpTest.HttpPairCreation
[       OK ] HttpTest.HttpPairCreation (0 ms)
[----------] 1 test from HttpTest (0 ms total)

[----------] Global test environment tear-down
[==========] 1 test from 1 test suite ran. (0 ms total)
[  PASSED  ] 1 test.
<end of output>
Test time =   0.00 sec
----------------------------------------------------------
Test Passed.
"HttpTest.HttpPairCreation" end time: Jul 10 02:16 UTC
"HttpTest.HttpPairCreation" time elapsed: 00:00:00
----------------------------------------------------------

20/23 Testing: HttpTest.HttpRequestCreation
20/23 Test: HttpTest.HttpRequestCreation
Command: "/workspace/build/tests/httpsniffer_tests" "--gtest_filter=HttpTest.HttpRequestCreation" "--gtest_also_run_disabled_tests"
Directory: /workspace/build/tests
"HttpTest.HttpRequestCreation" start time: Jul 10 02:16 UTC
Output:
----------------------------------------------------------
Note: Google Test filter = HttpTest.HttpRequestCreation
[==========] Running 1 test from 1 test suite.
[----------] Global test environment set-up.
[----------] 1 test from HttpTest
[ RUN      ] HttpTest.HttpRequestCreation
[       OK ] HttpTest.HttpRequestCreation (0 ms)
[----------] 1 test from HttpTest (0 ms total)

[----------] Global test environment tear-down
[==========] 1 test from 1 test suite ran. (0 ms total)
[  PASSED  ] 1 test.
<end of output>
Test time =   0.00 sec
----------------------------------------------------------
Test Passed.
"HttpTest.HttpRequestCreation" end time: Jul 10 02:16 UTC
"HttpTest.HttpRequestCreation" time elapsed: 00:00:00
----------------------------------------------------------

21/23 Testing: HttpTest.HttpResponseCreation
21/23 Test: HttpTest.HttpResponseCreation
Command: "/workspace/build/tests/httpsniffer_tests" "--gtest_filter=HttpTest.HttpResponseCreation" "--gtest_also_run_disabled_tests"
Directory: /workspace/build/tests
"HttpTest.HttpResponseCreation" start time: Jul 10 02:16 UTC
Output:
----------------------------------------------------------
Note: Google Test filter = HttpTest.HttpResponseCreation
[==========] Running 1 test from 1 test suite.
[----------] Global test environment set-up.
[----------] 1 test from HttpTest
[ RUN      ] HttpTest.HttpResponseCreation
[       OK ] HttpTest.HttpResponseCreation (0 ms)
[----------] 1 test from HttpTest (0 ms total)

[----------] Global test environment tear-down
[==========] 1 test from 1 test suite ran. (0 ms total)
[  PASSED  ] 1 test.
<end of output>
Test time =   0.00 sec
----------------------------------------------------------
Test Passed.
"HttpTest.HttpResponseCreation" end time: Jul 10 02:16 UTC
"HttpTest.HttpResponseCreation" time elapsed: 00:00:00
----------------------------------------------------------

22/23 Testing: HttpTest.HttpHeaderParsing
22/23 Test: HttpTest.HttpHeaderParsing
Command: "/workspace/build/tests/httpsniffer_tests" "--gtest_filter=HttpTest.HttpHeaderParsing" "--gtest_also_run_disabled_tests"
Directory: /workspace/build/tests
"HttpTest.HttpHeaderParsing" start time: Jul 10 02:16 UTC
Output:
----------------------------------------------------------
Note: Google Test filter = HttpTest.HttpHeaderParsing
[==========] Running 1 test from 1 test suite.
[----------] Global test environment set-up.
[----------] 1 test from HttpTest
[ RUN      ] HttpTest.HttpHeaderParsing
[       OK ] HttpTest.HttpHeaderParsing (0 ms)
[----------] 1 test from HttpTest (0 ms total)

[----------] Global test environment tear-down
[==========] 1 test from 1 test suite ran. (0 ms total)
[  PASSED  ] 1 test.
<end of output>
Test time =   0.00 sec
----------------------------------------------------------
Test Passed.
"HttpTest.HttpHeaderParsing" end time: Jul 10 02:16 UTC
"HttpTest.HttpHeaderParsing" time elapsed: 00:00:00
----------------------------------------------------------

23/23 Testing: HttpTest.FlowHttpExtraction
23/23 Test: HttpTest.FlowHttpExtraction
Command: "/workspace/build/tests/httpsniffer_tests" "--gtest_filter=HttpTest.FlowHttpExtraction" "--gtest_also_run_disabled_tests"
Directory: /workspace/build/tests
"HttpTest.FlowHttpExtraction" start time: Jul 10 02:16 UTC
Output:
----------------------------------------------------------
Note: Google Test filter = HttpTest.FlowHttpExtraction
[==========] Running 1 test from 1 test suite.
[----------] Global test environment set-up.
[----------] 1 test from HttpTest
[ RUN      ] HttpTest.FlowHttpExtraction
<end of output>
Test time =   0.00 sec
----------------------------------------------------------
Test Failed.
"HttpTest.FlowHttpExtraction" end time: Jul 10 02:16 UTC
"HttpTest.FlowHttpExtraction" time elapsed: 00:00:00
----------------------------------------------------------

End testing: Jul 10 02:16 UTC
